<?xml version="1.0" encoding="UTF-8"?>
<!-- Generated by org.testng.reporters.JUnitXMLReporter -->
<testsuite hostname="JASMEET-QA" tests="4" failures="1" timestamp="16 May 2017 07:05:07 GMT" time="78.884" errors="0">
  <testcase name="checkLoginBtn" time="23.998" classname="Template"/>
  <testcase name="loginProcess" time="16.825" classname="Template"/>
  <testcase name="invalidSearch" time="2.26" classname="Template">
    <failure type="java.lang.AssertionError" message="expected [No suggestions displyed] but found [false]">
      <![CDATA[java.lang.AssertionError: expected [No suggestions displyed] but found [false]
	at Template.invalidSearch(Template.java:67)
... Removed 27 stack frames]]>
    </failure>
  </testcase> <!-- invalidSearch -->
  <testcase name="getPlansWithCost" time="31.67" classname="Template"/>
</testsuite>
