<?xml version="1.0" encoding="UTF-8"?>
<testng-results skipped="0" failed="0" ignored="3" total="4" passed="1">
  <reporter-output>
  </reporter-output>
  <suite name="Default suite" duration-ms="31466" started-at="2017-05-23T10:27:15Z" finished-at="2017-05-23T10:27:46Z">
    <groups>
    </groups>
    <test name="Default test" duration-ms="31466" started-at="2017-05-23T10:27:15Z" finished-at="2017-05-23T10:27:46Z">
      <class name="Template">
        <test-method status="PASS" signature="initDriver()[pri:0, instance:Template@18be83e4]" name="initDriver" is-config="true" duration-ms="8879" started-at="2017-05-23T15:57:15Z" finished-at="2017-05-23T15:57:24Z">
          <reporter-output>
          </reporter-output>
        </test-method> <!-- initDriver -->
        <test-method status="PASS" signature="checkLoginBtn()[pri:1, instance:Template@18be83e4]" name="checkLoginBtn" duration-ms="22577" started-at="2017-05-23T15:57:24Z" description="Enter URL &gt;&gt; Ensure that Login button is available" finished-at="2017-05-23T15:57:46Z">
          <reporter-output>
          </reporter-output>
        </test-method> <!-- checkLoginBtn -->
        <test-method status="PASS" signature="exit()[pri:0, instance:Template@18be83e4]" name="exit" is-config="true" duration-ms="534" started-at="2017-05-23T15:57:46Z" finished-at="2017-05-23T15:57:47Z">
          <reporter-output>
          </reporter-output>
        </test-method> <!-- exit -->
      </class> <!-- Template -->
    </test> <!-- Default test -->
  </suite> <!-- Default suite -->
</testng-results>
